<?xml version="1.0" encoding="UTF-8"?>
<!-- Generated by org.testng.reporters.JUnitReportReporter -->
<testsuite hostname="Tanveer-Khan" name="AlefEducation.Test_TanveerMujtabaKhan.TC_01verifyImage" tests="1" failures="0" timestamp="12 Oct 2020 18:11:16 GMT" time="0.790" errors="0">
  <testcase name="verifyImage" time="0.790" classname="AlefEducation.Test_TanveerMujtabaKhan.TC_01verifyImage"/>
</testsuite> <!-- AlefEducation.Test_TanveerMujtabaKhan.TC_01verifyImage -->
