<?xml version="1.0" encoding="UTF-8"?>
<!-- Generated by org.testng.reporters.JUnitReportReporter -->
<testsuite hostname="Tanveer-Khan" name="AlefEducation.Test_TanveerMujtabaKhan.TC_02veterinariansList" tests="1" failures="0" timestamp="12 Oct 2020 18:11:16 GMT" time="1.218" errors="0">
  <testcase name="Testcase" time="1.218" classname="AlefEducation.Test_TanveerMujtabaKhan.TC_02veterinariansList"/>
</testsuite> <!-- AlefEducation.Test_TanveerMujtabaKhan.TC_02veterinariansList -->
