<?xml version="1.0" encoding="UTF-8"?>
<!-- Generated by org.testng.reporters.JUnitReportReporter -->
<testsuite hostname="Tanveer-Khan" name="AlefEducation.Test_TanveerMujtabaKhan.TC_03getAllExistingOwners" tests="1" failures="0" timestamp="12 Oct 2020 18:11:16 GMT" time="3.443" errors="0">
  <testcase name="existingOwnersList" time="3.443" classname="AlefEducation.Test_TanveerMujtabaKhan.TC_03getAllExistingOwners"/>
</testsuite> <!-- AlefEducation.Test_TanveerMujtabaKhan.TC_03getAllExistingOwners -->
