<?xml version="1.0" encoding="UTF-8"?>
<!-- Generated by org.testng.reporters.JUnitReportReporter -->
<testsuite hostname="Tanveer-Khan" name="AlefEducation.Test_TanveerMujtabaKhan.TC_04addOwnerWithPetDetails" tests="1" failures="0" timestamp="12 Oct 2020 18:11:16 GMT" time="2.807" errors="0">
  <testcase name="addOwnerWithPetDetails" time="2.807" classname="AlefEducation.Test_TanveerMujtabaKhan.TC_04addOwnerWithPetDetails"/>
</testsuite> <!-- AlefEducation.Test_TanveerMujtabaKhan.TC_04addOwnerWithPetDetails -->
