<?xml version="1.0" encoding="UTF-8"?>
<!-- Generated by org.testng.reporters.JUnitReportReporter -->
<testsuite hostname="Tanveer-Khan" name="AlefEducation.Test_TanveerMujtabaKhan.TC_01verifyImage" tests="1" failures="0" timestamp="12 Oct 2020 17:00:47 GMT" time="8.227" errors="0">
  <testcase name="verifyImage" time="8.227" classname="AlefEducation.Test_TanveerMujtabaKhan.TC_01verifyImage"/>
</testsuite> <!-- AlefEducation.Test_TanveerMujtabaKhan.TC_01verifyImage -->
